2025-03-25 22:21:22 - Please select pcap!
2025-03-25 22:38:14 - Pcap is listening...
2025-03-25 22:38:41 - Pcap stop listening
2025-03-25 22:38:41 - path:C:\Users\rushi\Downloads\cicflowmeter-4\CICFlowMeter-4.0\bin\data\daily\2025-03-25_Flow.csv
2025-03-25 23:14:42 - Pcap is listening...
2025-03-26 00:03:05 - Pcap is listening...
2025-03-26 00:03:26 - Pcap stop listening
2025-03-26 00:03:26 - path:C:\Users\rushi\Downloads\cicflowmeter-4\CICFlowMeter-4.0\bin\data\daily\2025-03-26_Flow.csv
2025-03-26 00:03:30 - Pcap is listening...
2025-03-26 00:04:09 - Pcap stop listening
2025-03-26 00:04:09 - path:C:\Users\rushi\Downloads\cicflowmeter-4\CICFlowMeter-4.0\bin\data\daily\2025-03-26_Flow.csv
2025-03-26 00:04:14 - Pcap is listening...
2025-03-26 00:05:15 - Pcap is listening...
2025-03-26 00:05:59 - Pcap stop listening
2025-03-26 00:05:59 - path:C:\Users\rushi\Downloads\cicflowmeter-4\CICFlowMeter-4.0\bin\data\daily\2025-03-26_Flow.csv
2025-03-26 00:21:40 - Pcap is listening...
2025-03-26 00:25:20 - Pcap stop listening
2025-03-26 00:25:20 - path:C:\Users\rushi\Downloads\cicflowmeter-4\CICFlowMeter-4.0\bin\data\daily\2025-03-26_Flow.csv
2025-03-26 00:25:25 - Pcap is listening...
2025-03-26 00:25:44 - Please select pcap!
2025-03-26 00:25:55 - Pcap is listening...
2025-03-26 00:26:20 - Pcap stop listening
2025-03-26 00:26:20 - path:C:\Users\rushi\Downloads\cicflowmeter-4\CICFlowMeter-4.0\bin\data\daily\2025-03-26_Flow.csv
2025-03-26 00:26:32 - Pcap is listening...
2025-03-26 00:27:12 - Pcap stop listening
2025-03-26 00:27:12 - path:C:\Users\rushi\Downloads\cicflowmeter-4\CICFlowMeter-4.0\bin\data\daily\2025-03-26_Flow.csv
2025-03-26 00:27:13 - Pcap is listening...
2025-03-26 00:31:51 - Pcap is listening...
2025-03-26 00:33:54 - Pcap stop listening
2025-03-26 00:33:54 - path:C:\Users\rushi\Downloads\cicflowmeter-4\CICFlowMeter-4.0\bin\data\daily\2025-03-26_Flow.csv
2025-03-26 00:34:56 - path:C:\Users\rushi\Downloads\cicflowmeter-4\CICFlowMeter-4.0\bin\data\daily\2025-03-26_Flow.csv
2025-03-26 00:35:34 - path:C:\Users\rushi\Downloads\cicflowmeter-4\CICFlowMeter-4.0\bin\data\daily\2025-03-26_Flow.csv
2025-03-26 00:35:37 - path:C:\Users\rushi\Downloads\cicflowmeter-4\CICFlowMeter-4.0\bin\data\daily\2025-03-26_Flow.csv
2025-03-26 00:35:38 - path:C:\Users\rushi\Downloads\cicflowmeter-4\CICFlowMeter-4.0\bin\data\daily\2025-03-26_Flow.csv
2025-03-26 00:35:38 - path:C:\Users\rushi\Downloads\cicflowmeter-4\CICFlowMeter-4.0\bin\data\daily\2025-03-26_Flow.csv
2025-03-26 00:35:39 - path:C:\Users\rushi\Downloads\cicflowmeter-4\CICFlowMeter-4.0\bin\data\daily\2025-03-26_Flow.csv
2025-03-26 00:35:40 - Pcap is listening...
2025-03-26 00:35:43 - Pcap stop listening
2025-03-26 00:35:43 - path:C:\Users\rushi\Downloads\cicflowmeter-4\CICFlowMeter-4.0\bin\data\daily\2025-03-26_Flow.csv
2025-03-26 00:35:45 - path:C:\Users\rushi\Downloads\cicflowmeter-4\CICFlowMeter-4.0\bin\data\daily\2025-03-26_Flow.csv
2025-03-26 00:35:53 - path:C:\Users\rushi\Downloads\cicflowmeter-4\CICFlowMeter-4.0\bin\data\daily\2025-03-26_Flow.csv
2025-03-26 00:35:58 - Pcap is listening...
2025-03-26 00:36:10 - Pcap stop listening
2025-03-26 00:36:10 - path:C:\Users\rushi\Downloads\cicflowmeter-4\CICFlowMeter-4.0\bin\data\daily\2025-03-26_Flow.csv
2025-03-26 00:36:22 - path:C:\Users\rushi\Downloads\cicflowmeter-4\CICFlowMeter-4.0\bin\data\daily\2025-03-26_Flow.csv
2025-03-26 00:36:22 - path:C:\Users\rushi\Downloads\cicflowmeter-4\CICFlowMeter-4.0\bin\data\daily\2025-03-26_Flow.csv
2025-03-26 00:36:22 - path:C:\Users\rushi\Downloads\cicflowmeter-4\CICFlowMeter-4.0\bin\data\daily\2025-03-26_Flow.csv
2025-03-26 00:36:22 - path:C:\Users\rushi\Downloads\cicflowmeter-4\CICFlowMeter-4.0\bin\data\daily\2025-03-26_Flow.csv
2025-03-26 00:36:23 - path:C:\Users\rushi\Downloads\cicflowmeter-4\CICFlowMeter-4.0\bin\data\daily\2025-03-26_Flow.csv
2025-03-26 00:37:13 - path:C:\Users\rushi\Downloads\cicflowmeter-4\CICFlowMeter-4.0\bin\data\daily\2025-03-26_Flow.csv
2025-03-26 00:37:13 - path:C:\Users\rushi\Downloads\cicflowmeter-4\CICFlowMeter-4.0\bin\data\daily\2025-03-26_Flow.csv
2025-03-26 00:37:13 - path:C:\Users\rushi\Downloads\cicflowmeter-4\CICFlowMeter-4.0\bin\data\daily\2025-03-26_Flow.csv
2025-03-26 00:37:13 - path:C:\Users\rushi\Downloads\cicflowmeter-4\CICFlowMeter-4.0\bin\data\daily\2025-03-26_Flow.csv
2025-03-26 00:37:14 - path:C:\Users\rushi\Downloads\cicflowmeter-4\CICFlowMeter-4.0\bin\data\daily\2025-03-26_Flow.csv
2025-03-26 00:37:15 - Pcap is listening...
2025-03-28 14:36:51 - Pcap is listening...
2025-03-28 14:41:17 - Pcap stop listening
2025-03-28 14:41:17 - path:C:\Users\rushi\OneDrive\Documents\major_project\project\CICFlowMeter-4.0\bin\data\daily\2025-03-28_Flow.csv
2025-03-28 18:20:55 - Pcap is listening...
2025-03-28 18:35:34 - path:C:\Users\rushi\OneDrive\Documents\major_project\project\CICFlowMeter-4.0\bin\data\daily\2025-03-28_Flow.csv
